*** Using Compiler 'V5.06 update 5 (build 528)', folder: 'F:\Keil_v5\ARM\ARMCC\Bin'
Rebuild target 'FreeRTOS'
compiling stm32f4xx_it.c...
compiling system_stm32f4xx.c...
compiling main.c...
compiling Variable.c...
compiling can received.c...
compiling can send.c...
compiling can.c...
compiling pid.c...
compiling remote_control.c...
compiling usart_dr16.c...
compiling TaskInit.c...
compiling RS485.c...
compiling LASER.c...
compiling sys.c...
compiling Kalaman.c...
assembling startup_stm32f40_41xxx.s...
compiling delay.c...
compiling misc.c...
compiling stm32f4xx_gpio.c...
compiling stm32f4xx_rcc.c...
compiling stm32f4xx_syscfg.c...
compiling stm32f4xx_usart.c...
compiling stm32f4xx_tim.c...
compiling stm32f4xx_fsmc.c...
compiling stm32f4xx_adc.c...
compiling stm32f4xx_can.c...
compiling stm32f4xx_iwdg.c...
compiling stm32f4xx_dma.c...
compiling stm32f4xx_spi.c...
compiling stm32f4xx_wwdg.c...
compiling stm32f4xx_flash.c...
compiling stm32f4xx_dac.c...
compiling stm32f4xx_pwr.c...
compiling croutine.c...
compiling event_groups.c...
compiling list.c...
compiling queue.c...
compiling timers.c...
compiling tasks.c...
compiling cmsis_os.c...
compiling port.c...
compiling heap_4.c...
compiling accelerometer_calibration.c...
compiling BSP_Flash.c...
compiling BSP_MPU9250_Init.c...
compiling mpu_delay.c...
compiling Filter_Control.c...
compiling IMUTask.c...
compiling MPU_SPI_Init.c...
compiling MPU_TIME_Init.c...
compiling Judge_Task.c...
compiling judgement_info.c...
compiling protocol.c...
compiling RM_Client_UI.c...
linking...
Program Size: Code=43696 RO-data=3328 RW-data=1472 ZI-data=119352  
FromELF: creating hex file...
"..\OBJ\LEG.axf" - 0 Error(s), 0 Warning(s).
Build Time Elapsed:  00:00:20
